<!DOCTYPE html>

<html>
  <head>
  <meta charset='utf-8'>
  <title>TestNG reports</title>

    <link type="text/css" href="testng-reports.css" rel="stylesheet" />
    <script type="text/javascript" src="jquery-1.7.1.min.js"></script>
    <script type="text/javascript" src="testng-reports.js"></script>
    <script type="text/javascript" src="https://www.google.com/jsapi"></script>
    <script type='text/javascript'>
      google.load('visualization', '1', {packages:['table']});
      google.setOnLoadCallback(drawTable);
      var suiteTableInitFunctions = new Array();
      var suiteTableData = new Array();
    </script>
    <!--
      <script type="text/javascript" src="jquery-ui/js/jquery-ui-1.8.16.custom.min.js"></script>
     -->
  </head>

  <body>
    <div class="top-banner-root">
      <span class="top-banner-title-font">Test results</span>
      <br/>
      <span class="top-banner-font-1">1 suite, 7 failed tests</span>
    </div> <!-- top-banner-root -->
    <div class="navigator-root">
      <div class="navigator-suite-header">
        <span>All suites</span>
        <a href="#" class="collapse-all-link" title="Collapse/expand all the suites">
          <img class="collapse-all-icon" src="collapseall.gif">
          </img> <!-- collapse-all-icon -->
        </a> <!-- collapse-all-link -->
      </div> <!-- navigator-suite-header -->
      <div class="suite">
        <div class="rounded-window">
          <div class="suite-header light-rounded-window-top">
            <a href="#" class="navigator-link" panel-name="suite-nopCommerceSuite">
              <span class="suite-name border-failed">nopCommerceSuite</span>
            </a> <!-- navigator-link -->
          </div> <!-- suite-header light-rounded-window-top -->
          <div class="navigator-suite-content">
            <div class="suite-section-title">
              <span>Info</span>
            </div> <!-- suite-section-title -->
            <div class="suite-section-content">
              <ul>
                <li>
                  <a href="#" class="navigator-link " panel-name="test-xml-nopCommerceSuite">
                    <span>G:\Quality\personal_automation_project\nopcommerce\CompleteTestAutomationFrameWork\testng.xml</span>
                  </a> <!-- navigator-link  -->
                </li>
                <li>
                  <a href="#" class="navigator-link " panel-name="testlist-nopCommerceSuite">
                    <span class="test-stats">1 test</span>
                  </a> <!-- navigator-link  -->
                </li>
                <li>
                  <a href="#" class="navigator-link " panel-name="group-nopCommerceSuite">
                    <span>0 groups</span>
                  </a> <!-- navigator-link  -->
                </li>
                <li>
                  <a href="#" class="navigator-link " panel-name="times-nopCommerceSuite">
                    <span>Times</span>
                  </a> <!-- navigator-link  -->
                </li>
                <li>
                  <a href="#" class="navigator-link " panel-name="reporter-nopCommerceSuite">
                    <span>Reporter output</span>
                  </a> <!-- navigator-link  -->
                </li>
                <li>
                  <a href="#" class="navigator-link " panel-name="ignored-methods-nopCommerceSuite">
                    <span>Ignored methods</span>
                  </a> <!-- navigator-link  -->
                </li>
                <li>
                  <a href="#" class="navigator-link " panel-name="chronological-nopCommerceSuite">
                    <span>Chronological view</span>
                  </a> <!-- navigator-link  -->
                </li>
              </ul>
            </div> <!-- suite-section-content -->
            <div class="result-section">
              <div class="suite-section-title">
                <span>Results</span>
              </div> <!-- suite-section-title -->
              <div class="suite-section-content">
                <ul>
                  <li>
                    <span class="method-stats">8 methods, 7 failed,   1 passed</span>
                  </li>
                  <li>
                    <span class="method-list-title failed">Failed methods</span>
                    <span class="show-or-hide-methods failed">
                      <a href="#" panel-name="suite-nopCommerceSuite" class="hide-methods failed suite-nopCommerceSuite"> (hide)</a> <!-- hide-methods failed suite-nopCommerceSuite -->
                      <a href="#" panel-name="suite-nopCommerceSuite" class="show-methods failed suite-nopCommerceSuite"> (show)</a> <!-- show-methods failed suite-nopCommerceSuite -->
                    </span>
                    <div class="method-list-content failed suite-nopCommerceSuite">
                      <span>
                        <img width="3%" src="failed.png"/>
                        <a href="#" class="method navigator-link" panel-name="suite-nopCommerceSuite" title="tests.RegisterationTestCase" hash-for-method="RegisterNewUserWithCorrectCredentialWithExcel(male, Robert, Brown, 30, 3, 2019, katelynn.bergnaum@gmail.com, Becker LLC, 0e0b9lreyms3)">RegisterNewUserWithCorrectCredentialWithExcel(male, Robert, Brown, 30, 3, 2019, katelynn.bergnaum@gmail.com, Becker LLC, 0e0b9lreyms3)</a> <!-- method navigator-link -->
                      </span>
                      <br/>
                      <span>
                        <img width="3%" src="failed.png"/>
                        <a href="#" class="method navigator-link" panel-name="suite-nopCommerceSuite" title="tests.RegisterationTestCase" hash-for-method="RegisterNewUserWithCorrectCredentialWithExcel(male, Cortez, Olson, 30, 3, 2019, casey.thompson@hotmail.com, Moore Group, 7h62yjamdjf)">RegisterNewUserWithCorrectCredentialWithExcel(male, Cortez, Olson, 30, 3, 2019, casey.thompson@hotmail.com, Moore Group, 7h62yjamdjf)</a> <!-- method navigator-link -->
                      </span>
                      <br/>
                      <span>
                        <img width="3%" src="failed.png"/>
                        <a href="#" class="method navigator-link" panel-name="suite-nopCommerceSuite" title="tests.RegisterationTestCase" hash-for-method="RegisterNewUserWithCorrectCredentialWithExcel(male, Vernon, Rolfson, 24, 3, 2019, yasmine.goodwin@hotmail.com, Mayert, Cassin and Turcotte, jq7bup...)">RegisterNewUserWithCorrectCredentialWithExcel(male, Vernon, Rolfson, 24, 3, 2019, yasmine.goodwin@hotmail.com, Mayert, Cassin and Turcotte, jq7bup...)</a> <!-- method navigator-link -->
                      </span>
                      <br/>
                      <span>
                        <img width="3%" src="failed.png"/>
                        <a href="#" class="method navigator-link" panel-name="suite-nopCommerceSuite" title="tests.RegisterationTestCase" hash-for-method="RegisterNewUserWithCorrectCredentialWithExcel(gender, first_name, Last_name, theDay, TheMonth, theYear, email, company, testPassword)">RegisterNewUserWithCorrectCredentialWithExcel(gender, first_name, Last_name, theDay, TheMonth, theYear, email, company, testPassword)</a> <!-- method navigator-link -->
                      </span>
                      <br/>
                      <span>
                        <img width="3%" src="failed.png"/>
                        <a href="#" class="method navigator-link" panel-name="suite-nopCommerceSuite" title="tests.RegisterationTestCase" hash-for-method="RegisterNewUserWithCorrectCredentialWithExcel(male, Lacy, Krajcik, 25, 3, 2019, newton.yost@hotmail.com, Collins, Swaniawski and Dach, bxy90qp7q3f...)">RegisterNewUserWithCorrectCredentialWithExcel(male, Lacy, Krajcik, 25, 3, 2019, newton.yost@hotmail.com, Collins, Swaniawski and Dach, bxy90qp7q3f...)</a> <!-- method navigator-link -->
                      </span>
                      <br/>
                      <span>
                        <img width="3%" src="failed.png"/>
                        <a href="#" class="method navigator-link" panel-name="suite-nopCommerceSuite" title="tests.RegisterationTestCase" hash-for-method="RegisterNewUserWithCorrectCredentialWithExcel(male, Cecil, O&#039;Kon, 29, 3, 2019, shawnna.strosin@gmail.com, Ruecker Group, ue592kiios88uf)">RegisterNewUserWithCorrectCredentialWithExcel(male, Cecil, O'Kon, 29, 3, 2019, shawnna.strosin@gmail.com, Ruecker Group, ue592kiios88uf)</a> <!-- method navigator-link -->
                      </span>
                      <br/>
                      <span>
                        <img width="3%" src="failed.png"/>
                        <a href="#" class="method navigator-link" panel-name="suite-nopCommerceSuite" title="tests.RegisterationTestCase" hash-for-method="RegisterNewUserWithCorrectCredentialWithExcel(male, Stacy, Cassin, 27, 3, 2019, dion.bogisich@gmail.com, Thiel, Heathcote and Jerde, im77t5d7rkimr...)">RegisterNewUserWithCorrectCredentialWithExcel(male, Stacy, Cassin, 27, 3, 2019, dion.bogisich@gmail.com, Thiel, Heathcote and Jerde, im77t5d7rkimr...)</a> <!-- method navigator-link -->
                      </span>
                      <br/>
                    </div> <!-- method-list-content failed suite-nopCommerceSuite -->
                  </li>
                  <li>
                    <span class="method-list-title passed">Passed methods</span>
                    <span class="show-or-hide-methods passed">
                      <a href="#" panel-name="suite-nopCommerceSuite" class="hide-methods passed suite-nopCommerceSuite"> (hide)</a> <!-- hide-methods passed suite-nopCommerceSuite -->
                      <a href="#" panel-name="suite-nopCommerceSuite" class="show-methods passed suite-nopCommerceSuite"> (show)</a> <!-- show-methods passed suite-nopCommerceSuite -->
                    </span>
                    <div class="method-list-content passed suite-nopCommerceSuite">
                      <span>
                        <img width="3%" src="passed.png"/>
                        <a href="#" class="method navigator-link" panel-name="suite-nopCommerceSuite" title="tests.RegisterationTestCase" hash-for-method="add_data_to_excel">add_data_to_excel</a> <!-- method navigator-link -->
                      </span>
                      <br/>
                    </div> <!-- method-list-content passed suite-nopCommerceSuite -->
                  </li>
                </ul>
              </div> <!-- suite-section-content -->
            </div> <!-- result-section -->
          </div> <!-- navigator-suite-content -->
        </div> <!-- rounded-window -->
      </div> <!-- suite -->
    </div> <!-- navigator-root -->
    <div class="wrapper">
      <div class="main-panel-root">
        <div panel-name="suite-nopCommerceSuite" class="panel nopCommerceSuite">
          <div class="suite-nopCommerceSuite-class-failed">
            <div class="main-panel-header rounded-window-top">
              <img src="failed.png"/>
              <span class="class-name">tests.RegisterationTestCase</span>
            </div> <!-- main-panel-header rounded-window-top -->
            <div class="main-panel-content rounded-window-bottom">
              <div class="method">
                <div class="method-content">
                  <a name="RegisterNewUserWithCorrectCredentialWithExcel(male, Robert, Brown, 30, 3, 2019, katelynn.bergnaum@gmail.com, Becker LLC, 0e0b9lreyms3)">
                  </a> <!-- RegisterNewUserWithCorrectCredentialWithExcel(male, Robert, Brown, 30, 3, 2019, katelynn.bergnaum@gmail.com, Becker LLC, 0e0b9lreyms3) -->
                  <span class="method-name">RegisterNewUserWithCorrectCredentialWithExcel</span>
                  <span class="parameters">(male, Robert, Brown, 30, 3, 2019, katelynn.bergnaum@gmail.com, Becker LLC, 0e0b9lreyms3)</span>
                  <div class="stack-trace">org.openqa.selenium.NoSuchElementException: no such element: Unable to locate element: {&quot;method&quot;:&quot;name&quot;,&quot;selector&quot;:&quot;DateOfBirthDay&quot;}
  (Session info: chrome=73.0.3683.103)
  (Driver info: chromedriver=2.46.628402 (536cd7adbad73a3783fdc2cab92ab2ba7ec361e1),platform=Windows NT 10.0.17134 x86_64) (WARNING: The server did not provide any stacktrace information)
Command duration or timeout: 0 milliseconds
For documentation on this error, please visit: https://www.seleniumhq.org/exceptions/no_such_element.html
Build info: version: &apos;3.141.59&apos;, revision: &apos;e82be7d358&apos;, time: &apos;2018-11-14T08:17:03&apos;
System info: host: &apos;MORIZK&apos;, ip: &apos;192.168.56.1&apos;, os.name: &apos;Windows 10&apos;, os.arch: &apos;amd64&apos;, os.version: &apos;10.0&apos;, java.version: &apos;1.8.0_202&apos;
Driver info: org.openqa.selenium.chrome.ChromeDriver
Capabilities {acceptInsecureCerts: false, acceptSslCerts: false, applicationCacheEnabled: false, browserConnectionEnabled: false, browserName: chrome, chrome: {chromedriverVersion: 2.46.628402 (536cd7adbad73a..., userDataDir: C:\Users\MORIZK~1\AppData\L...}, cssSelectorsEnabled: true, databaseEnabled: false, goog:chromeOptions: {debuggerAddress: localhost:56277}, handlesAlerts: true, hasTouchScreen: false, javascriptEnabled: true, locationContextEnabled: true, mobileEmulationEnabled: false, nativeEvents: true, networkConnectionEnabled: false, pageLoadStrategy: normal, platform: XP, platformName: XP, proxy: Proxy(), rotatable: false, setWindowRect: true, strictFileInteractability: false, takesHeapSnapshot: true, takesScreenshot: true, timeouts: {implicit: 0, pageLoad: 300000, script: 30000}, unexpectedAlertBehaviour: ignore, unhandledPromptBehavior: ignore, version: 73.0.3683.103, webStorageEnabled: true}
Session ID: c5df7aed18c92810f121406023c72823
*** Element info: {Using=name, value=DateOfBirthDay}
	at org.openqa.selenium.remote.ErrorHandler.createThrowable(ErrorHandler.java:214)
	at org.openqa.selenium.remote.ErrorHandler.throwIfResponseFailed(ErrorHandler.java:166)
	at org.openqa.selenium.remote.http.JsonHttpResponseCodec.reconstructValue(JsonHttpResponseCodec.java:40)
	at org.openqa.selenium.remote.http.AbstractHttpResponseCodec.decode(AbstractHttpResponseCodec.java:80)
	at org.openqa.selenium.remote.http.AbstractHttpResponseCodec.decode(AbstractHttpResponseCodec.java:44)
	at org.openqa.selenium.remote.HttpCommandExecutor.execute(HttpCommandExecutor.java:158)
	at org.openqa.selenium.remote.service.DriverCommandExecutor.execute(DriverCommandExecutor.java:83)
	at org.openqa.selenium.remote.RemoteWebDriver.execute(RemoteWebDriver.java:552)
	at org.openqa.selenium.remote.RemoteWebDriver.findElement(RemoteWebDriver.java:323)
	at org.openqa.selenium.remote.RemoteWebDriver.findElementByName(RemoteWebDriver.java:404)
	at org.openqa.selenium.By$ByName.findElement(By.java:284)
	at org.openqa.selenium.remote.RemoteWebDriver.findElement(RemoteWebDriver.java:315)
	at org.openqa.selenium.support.pagefactory.DefaultElementLocator.findElement(DefaultElementLocator.java:69)
	at org.openqa.selenium.support.pagefactory.internal.LocatingElementHandler.invoke(LocatingElementHandler.java:38)
	at com.sun.proxy.$Proxy10.getTagName(Unknown Source)
	at org.openqa.selenium.support.ui.Select.&lt;init&gt;(Select.java:45)
	at pages.RegisterPage.registerNewUser(RegisterPage.java:70)
	at tests.RegisterationTestCase.RegisterNewUserWithCorrectCredentialWithExcel(RegisterationTestCase.java:91)
... Removed 29 stack frames
</div> <!-- stack-trace -->
                </div> <!-- method-content -->
              </div> <!-- method -->
              <div class="method">
                <div class="method-content">
                  <a name="RegisterNewUserWithCorrectCredentialWithExcel(male, Cortez, Olson, 30, 3, 2019, casey.thompson@hotmail.com, Moore Group, 7h62yjamdjf)">
                  </a> <!-- RegisterNewUserWithCorrectCredentialWithExcel(male, Cortez, Olson, 30, 3, 2019, casey.thompson@hotmail.com, Moore Group, 7h62yjamdjf) -->
                  <span class="method-name">RegisterNewUserWithCorrectCredentialWithExcel</span>
                  <span class="parameters">(male, Cortez, Olson, 30, 3, 2019, casey.thompson@hotmail.com, Moore Group, 7h62yjamdjf)</span>
                  <div class="stack-trace">org.openqa.selenium.NoSuchElementException: no such element: Unable to locate element: {&quot;method&quot;:&quot;name&quot;,&quot;selector&quot;:&quot;DateOfBirthDay&quot;}
  (Session info: chrome=73.0.3683.103)
  (Driver info: chromedriver=2.46.628402 (536cd7adbad73a3783fdc2cab92ab2ba7ec361e1),platform=Windows NT 10.0.17134 x86_64) (WARNING: The server did not provide any stacktrace information)
Command duration or timeout: 0 milliseconds
For documentation on this error, please visit: https://www.seleniumhq.org/exceptions/no_such_element.html
Build info: version: &apos;3.141.59&apos;, revision: &apos;e82be7d358&apos;, time: &apos;2018-11-14T08:17:03&apos;
System info: host: &apos;MORIZK&apos;, ip: &apos;192.168.56.1&apos;, os.name: &apos;Windows 10&apos;, os.arch: &apos;amd64&apos;, os.version: &apos;10.0&apos;, java.version: &apos;1.8.0_202&apos;
Driver info: org.openqa.selenium.chrome.ChromeDriver
Capabilities {acceptInsecureCerts: false, acceptSslCerts: false, applicationCacheEnabled: false, browserConnectionEnabled: false, browserName: chrome, chrome: {chromedriverVersion: 2.46.628402 (536cd7adbad73a..., userDataDir: C:\Users\MORIZK~1\AppData\L...}, cssSelectorsEnabled: true, databaseEnabled: false, goog:chromeOptions: {debuggerAddress: localhost:56277}, handlesAlerts: true, hasTouchScreen: false, javascriptEnabled: true, locationContextEnabled: true, mobileEmulationEnabled: false, nativeEvents: true, networkConnectionEnabled: false, pageLoadStrategy: normal, platform: XP, platformName: XP, proxy: Proxy(), rotatable: false, setWindowRect: true, strictFileInteractability: false, takesHeapSnapshot: true, takesScreenshot: true, timeouts: {implicit: 0, pageLoad: 300000, script: 30000}, unexpectedAlertBehaviour: ignore, unhandledPromptBehavior: ignore, version: 73.0.3683.103, webStorageEnabled: true}
Session ID: c5df7aed18c92810f121406023c72823
*** Element info: {Using=name, value=DateOfBirthDay}
	at org.openqa.selenium.remote.ErrorHandler.createThrowable(ErrorHandler.java:214)
	at org.openqa.selenium.remote.ErrorHandler.throwIfResponseFailed(ErrorHandler.java:166)
	at org.openqa.selenium.remote.http.JsonHttpResponseCodec.reconstructValue(JsonHttpResponseCodec.java:40)
	at org.openqa.selenium.remote.http.AbstractHttpResponseCodec.decode(AbstractHttpResponseCodec.java:80)
	at org.openqa.selenium.remote.http.AbstractHttpResponseCodec.decode(AbstractHttpResponseCodec.java:44)
	at org.openqa.selenium.remote.HttpCommandExecutor.execute(HttpCommandExecutor.java:158)
	at org.openqa.selenium.remote.service.DriverCommandExecutor.execute(DriverCommandExecutor.java:83)
	at org.openqa.selenium.remote.RemoteWebDriver.execute(RemoteWebDriver.java:552)
	at org.openqa.selenium.remote.RemoteWebDriver.findElement(RemoteWebDriver.java:323)
	at org.openqa.selenium.remote.RemoteWebDriver.findElementByName(RemoteWebDriver.java:404)
	at org.openqa.selenium.By$ByName.findElement(By.java:284)
	at org.openqa.selenium.remote.RemoteWebDriver.findElement(RemoteWebDriver.java:315)
	at org.openqa.selenium.support.pagefactory.DefaultElementLocator.findElement(DefaultElementLocator.java:69)
	at org.openqa.selenium.support.pagefactory.internal.LocatingElementHandler.invoke(LocatingElementHandler.java:38)
	at com.sun.proxy.$Proxy10.getTagName(Unknown Source)
	at org.openqa.selenium.support.ui.Select.&lt;init&gt;(Select.java:45)
	at pages.RegisterPage.registerNewUser(RegisterPage.java:70)
	at tests.RegisterationTestCase.RegisterNewUserWithCorrectCredentialWithExcel(RegisterationTestCase.java:91)
... Removed 29 stack frames
</div> <!-- stack-trace -->
                </div> <!-- method-content -->
              </div> <!-- method -->
              <div class="method">
                <div class="method-content">
                  <a name="RegisterNewUserWithCorrectCredentialWithExcel(male, Vernon, Rolfson, 24, 3, 2019, yasmine.goodwin@hotmail.com, Mayert, Cassin and Turcotte, jq7bup...)">
                  </a> <!-- RegisterNewUserWithCorrectCredentialWithExcel(male, Vernon, Rolfson, 24, 3, 2019, yasmine.goodwin@hotmail.com, Mayert, Cassin and Turcotte, jq7bup...) -->
                  <span class="method-name">RegisterNewUserWithCorrectCredentialWithExcel</span>
                  <span class="parameters">(male, Vernon, Rolfson, 24, 3, 2019, yasmine.goodwin@hotmail.com, Mayert, Cassin and Turcotte, jq7bupm8ikj6)</span>
                  <div class="stack-trace">org.openqa.selenium.NoSuchElementException: no such element: Unable to locate element: {&quot;method&quot;:&quot;name&quot;,&quot;selector&quot;:&quot;DateOfBirthDay&quot;}
  (Session info: chrome=73.0.3683.103)
  (Driver info: chromedriver=2.46.628402 (536cd7adbad73a3783fdc2cab92ab2ba7ec361e1),platform=Windows NT 10.0.17134 x86_64) (WARNING: The server did not provide any stacktrace information)
Command duration or timeout: 0 milliseconds
For documentation on this error, please visit: https://www.seleniumhq.org/exceptions/no_such_element.html
Build info: version: &apos;3.141.59&apos;, revision: &apos;e82be7d358&apos;, time: &apos;2018-11-14T08:17:03&apos;
System info: host: &apos;MORIZK&apos;, ip: &apos;192.168.56.1&apos;, os.name: &apos;Windows 10&apos;, os.arch: &apos;amd64&apos;, os.version: &apos;10.0&apos;, java.version: &apos;1.8.0_202&apos;
Driver info: org.openqa.selenium.chrome.ChromeDriver
Capabilities {acceptInsecureCerts: false, acceptSslCerts: false, applicationCacheEnabled: false, browserConnectionEnabled: false, browserName: chrome, chrome: {chromedriverVersion: 2.46.628402 (536cd7adbad73a..., userDataDir: C:\Users\MORIZK~1\AppData\L...}, cssSelectorsEnabled: true, databaseEnabled: false, goog:chromeOptions: {debuggerAddress: localhost:56277}, handlesAlerts: true, hasTouchScreen: false, javascriptEnabled: true, locationContextEnabled: true, mobileEmulationEnabled: false, nativeEvents: true, networkConnectionEnabled: false, pageLoadStrategy: normal, platform: XP, platformName: XP, proxy: Proxy(), rotatable: false, setWindowRect: true, strictFileInteractability: false, takesHeapSnapshot: true, takesScreenshot: true, timeouts: {implicit: 0, pageLoad: 300000, script: 30000}, unexpectedAlertBehaviour: ignore, unhandledPromptBehavior: ignore, version: 73.0.3683.103, webStorageEnabled: true}
Session ID: c5df7aed18c92810f121406023c72823
*** Element info: {Using=name, value=DateOfBirthDay}
	at org.openqa.selenium.remote.ErrorHandler.createThrowable(ErrorHandler.java:214)
	at org.openqa.selenium.remote.ErrorHandler.throwIfResponseFailed(ErrorHandler.java:166)
	at org.openqa.selenium.remote.http.JsonHttpResponseCodec.reconstructValue(JsonHttpResponseCodec.java:40)
	at org.openqa.selenium.remote.http.AbstractHttpResponseCodec.decode(AbstractHttpResponseCodec.java:80)
	at org.openqa.selenium.remote.http.AbstractHttpResponseCodec.decode(AbstractHttpResponseCodec.java:44)
	at org.openqa.selenium.remote.HttpCommandExecutor.execute(HttpCommandExecutor.java:158)
	at org.openqa.selenium.remote.service.DriverCommandExecutor.execute(DriverCommandExecutor.java:83)
	at org.openqa.selenium.remote.RemoteWebDriver.execute(RemoteWebDriver.java:552)
	at org.openqa.selenium.remote.RemoteWebDriver.findElement(RemoteWebDriver.java:323)
	at org.openqa.selenium.remote.RemoteWebDriver.findElementByName(RemoteWebDriver.java:404)
	at org.openqa.selenium.By$ByName.findElement(By.java:284)
	at org.openqa.selenium.remote.RemoteWebDriver.findElement(RemoteWebDriver.java:315)
	at org.openqa.selenium.support.pagefactory.DefaultElementLocator.findElement(DefaultElementLocator.java:69)
	at org.openqa.selenium.support.pagefactory.internal.LocatingElementHandler.invoke(LocatingElementHandler.java:38)
	at com.sun.proxy.$Proxy10.getTagName(Unknown Source)
	at org.openqa.selenium.support.ui.Select.&lt;init&gt;(Select.java:45)
	at pages.RegisterPage.registerNewUser(RegisterPage.java:70)
	at tests.RegisterationTestCase.RegisterNewUserWithCorrectCredentialWithExcel(RegisterationTestCase.java:91)
... Removed 29 stack frames
</div> <!-- stack-trace -->
                </div> <!-- method-content -->
              </div> <!-- method -->
              <div class="method">
                <div class="method-content">
                  <a name="RegisterNewUserWithCorrectCredentialWithExcel(gender, first_name, Last_name, theDay, TheMonth, theYear, email, company, testPassword)">
                  </a> <!-- RegisterNewUserWithCorrectCredentialWithExcel(gender, first_name, Last_name, theDay, TheMonth, theYear, email, company, testPassword) -->
                  <span class="method-name">RegisterNewUserWithCorrectCredentialWithExcel</span>
                  <span class="parameters">(gender, first_name, Last_name, theDay, TheMonth, theYear, email, company, testPassword)</span>
                  <div class="stack-trace">java.lang.NumberFormatException: For input string: &quot;TheMonth&quot;
	at java.lang.NumberFormatException.forInputString(Unknown Source)
	at java.lang.Integer.parseInt(Unknown Source)
	at java.lang.Integer.parseInt(Unknown Source)
	at tests.RegisterationTestCase.RegisterNewUserWithCorrectCredentialWithExcel(RegisterationTestCase.java:91)
... Removed 25 stack frames
</div> <!-- stack-trace -->
                </div> <!-- method-content -->
              </div> <!-- method -->
              <div class="method">
                <div class="method-content">
                  <a name="RegisterNewUserWithCorrectCredentialWithExcel(male, Lacy, Krajcik, 25, 3, 2019, newton.yost@hotmail.com, Collins, Swaniawski and Dach, bxy90qp7q3f...)">
                  </a> <!-- RegisterNewUserWithCorrectCredentialWithExcel(male, Lacy, Krajcik, 25, 3, 2019, newton.yost@hotmail.com, Collins, Swaniawski and Dach, bxy90qp7q3f...) -->
                  <span class="method-name">RegisterNewUserWithCorrectCredentialWithExcel</span>
                  <span class="parameters">(male, Lacy, Krajcik, 25, 3, 2019, newton.yost@hotmail.com, Collins, Swaniawski and Dach, bxy90qp7q3f7)</span>
                  <div class="stack-trace">org.openqa.selenium.NoSuchElementException: no such element: Unable to locate element: {&quot;method&quot;:&quot;name&quot;,&quot;selector&quot;:&quot;DateOfBirthDay&quot;}
  (Session info: chrome=73.0.3683.103)
  (Driver info: chromedriver=2.46.628402 (536cd7adbad73a3783fdc2cab92ab2ba7ec361e1),platform=Windows NT 10.0.17134 x86_64) (WARNING: The server did not provide any stacktrace information)
Command duration or timeout: 0 milliseconds
For documentation on this error, please visit: https://www.seleniumhq.org/exceptions/no_such_element.html
Build info: version: &apos;3.141.59&apos;, revision: &apos;e82be7d358&apos;, time: &apos;2018-11-14T08:17:03&apos;
System info: host: &apos;MORIZK&apos;, ip: &apos;192.168.56.1&apos;, os.name: &apos;Windows 10&apos;, os.arch: &apos;amd64&apos;, os.version: &apos;10.0&apos;, java.version: &apos;1.8.0_202&apos;
Driver info: org.openqa.selenium.chrome.ChromeDriver
Capabilities {acceptInsecureCerts: false, acceptSslCerts: false, applicationCacheEnabled: false, browserConnectionEnabled: false, browserName: chrome, chrome: {chromedriverVersion: 2.46.628402 (536cd7adbad73a..., userDataDir: C:\Users\MORIZK~1\AppData\L...}, cssSelectorsEnabled: true, databaseEnabled: false, goog:chromeOptions: {debuggerAddress: localhost:56277}, handlesAlerts: true, hasTouchScreen: false, javascriptEnabled: true, locationContextEnabled: true, mobileEmulationEnabled: false, nativeEvents: true, networkConnectionEnabled: false, pageLoadStrategy: normal, platform: XP, platformName: XP, proxy: Proxy(), rotatable: false, setWindowRect: true, strictFileInteractability: false, takesHeapSnapshot: true, takesScreenshot: true, timeouts: {implicit: 0, pageLoad: 300000, script: 30000}, unexpectedAlertBehaviour: ignore, unhandledPromptBehavior: ignore, version: 73.0.3683.103, webStorageEnabled: true}
Session ID: c5df7aed18c92810f121406023c72823
*** Element info: {Using=name, value=DateOfBirthDay}
	at org.openqa.selenium.remote.ErrorHandler.createThrowable(ErrorHandler.java:214)
	at org.openqa.selenium.remote.ErrorHandler.throwIfResponseFailed(ErrorHandler.java:166)
	at org.openqa.selenium.remote.http.JsonHttpResponseCodec.reconstructValue(JsonHttpResponseCodec.java:40)
	at org.openqa.selenium.remote.http.AbstractHttpResponseCodec.decode(AbstractHttpResponseCodec.java:80)
	at org.openqa.selenium.remote.http.AbstractHttpResponseCodec.decode(AbstractHttpResponseCodec.java:44)
	at org.openqa.selenium.remote.HttpCommandExecutor.execute(HttpCommandExecutor.java:158)
	at org.openqa.selenium.remote.service.DriverCommandExecutor.execute(DriverCommandExecutor.java:83)
	at org.openqa.selenium.remote.RemoteWebDriver.execute(RemoteWebDriver.java:552)
	at org.openqa.selenium.remote.RemoteWebDriver.findElement(RemoteWebDriver.java:323)
	at org.openqa.selenium.remote.RemoteWebDriver.findElementByName(RemoteWebDriver.java:404)
	at org.openqa.selenium.By$ByName.findElement(By.java:284)
	at org.openqa.selenium.remote.RemoteWebDriver.findElement(RemoteWebDriver.java:315)
	at org.openqa.selenium.support.pagefactory.DefaultElementLocator.findElement(DefaultElementLocator.java:69)
	at org.openqa.selenium.support.pagefactory.internal.LocatingElementHandler.invoke(LocatingElementHandler.java:38)
	at com.sun.proxy.$Proxy10.getTagName(Unknown Source)
	at org.openqa.selenium.support.ui.Select.&lt;init&gt;(Select.java:45)
	at pages.RegisterPage.registerNewUser(RegisterPage.java:70)
	at tests.RegisterationTestCase.RegisterNewUserWithCorrectCredentialWithExcel(RegisterationTestCase.java:91)
... Removed 29 stack frames
</div> <!-- stack-trace -->
                </div> <!-- method-content -->
              </div> <!-- method -->
              <div class="method">
                <div class="method-content">
                  <a name="RegisterNewUserWithCorrectCredentialWithExcel(male, Cecil, O&#039;Kon, 29, 3, 2019, shawnna.strosin@gmail.com, Ruecker Group, ue592kiios88uf)">
                  </a> <!-- RegisterNewUserWithCorrectCredentialWithExcel(male, Cecil, O'Kon, 29, 3, 2019, shawnna.strosin@gmail.com, Ruecker Group, ue592kiios88uf) -->
                  <span class="method-name">RegisterNewUserWithCorrectCredentialWithExcel</span>
                  <span class="parameters">(male, Cecil, O'Kon, 29, 3, 2019, shawnna.strosin@gmail.com, Ruecker Group, ue592kiios88uf)</span>
                  <div class="stack-trace">org.openqa.selenium.NoSuchElementException: no such element: Unable to locate element: {&quot;method&quot;:&quot;name&quot;,&quot;selector&quot;:&quot;DateOfBirthDay&quot;}
  (Session info: chrome=73.0.3683.103)
  (Driver info: chromedriver=2.46.628402 (536cd7adbad73a3783fdc2cab92ab2ba7ec361e1),platform=Windows NT 10.0.17134 x86_64) (WARNING: The server did not provide any stacktrace information)
Command duration or timeout: 0 milliseconds
For documentation on this error, please visit: https://www.seleniumhq.org/exceptions/no_such_element.html
Build info: version: &apos;3.141.59&apos;, revision: &apos;e82be7d358&apos;, time: &apos;2018-11-14T08:17:03&apos;
System info: host: &apos;MORIZK&apos;, ip: &apos;192.168.56.1&apos;, os.name: &apos;Windows 10&apos;, os.arch: &apos;amd64&apos;, os.version: &apos;10.0&apos;, java.version: &apos;1.8.0_202&apos;
Driver info: org.openqa.selenium.chrome.ChromeDriver
Capabilities {acceptInsecureCerts: false, acceptSslCerts: false, applicationCacheEnabled: false, browserConnectionEnabled: false, browserName: chrome, chrome: {chromedriverVersion: 2.46.628402 (536cd7adbad73a..., userDataDir: C:\Users\MORIZK~1\AppData\L...}, cssSelectorsEnabled: true, databaseEnabled: false, goog:chromeOptions: {debuggerAddress: localhost:56277}, handlesAlerts: true, hasTouchScreen: false, javascriptEnabled: true, locationContextEnabled: true, mobileEmulationEnabled: false, nativeEvents: true, networkConnectionEnabled: false, pageLoadStrategy: normal, platform: XP, platformName: XP, proxy: Proxy(), rotatable: false, setWindowRect: true, strictFileInteractability: false, takesHeapSnapshot: true, takesScreenshot: true, timeouts: {implicit: 0, pageLoad: 300000, script: 30000}, unexpectedAlertBehaviour: ignore, unhandledPromptBehavior: ignore, version: 73.0.3683.103, webStorageEnabled: true}
Session ID: c5df7aed18c92810f121406023c72823
*** Element info: {Using=name, value=DateOfBirthDay}
	at org.openqa.selenium.remote.ErrorHandler.createThrowable(ErrorHandler.java:214)
	at org.openqa.selenium.remote.ErrorHandler.throwIfResponseFailed(ErrorHandler.java:166)
	at org.openqa.selenium.remote.http.JsonHttpResponseCodec.reconstructValue(JsonHttpResponseCodec.java:40)
	at org.openqa.selenium.remote.http.AbstractHttpResponseCodec.decode(AbstractHttpResponseCodec.java:80)
	at org.openqa.selenium.remote.http.AbstractHttpResponseCodec.decode(AbstractHttpResponseCodec.java:44)
	at org.openqa.selenium.remote.HttpCommandExecutor.execute(HttpCommandExecutor.java:158)
	at org.openqa.selenium.remote.service.DriverCommandExecutor.execute(DriverCommandExecutor.java:83)
	at org.openqa.selenium.remote.RemoteWebDriver.execute(RemoteWebDriver.java:552)
	at org.openqa.selenium.remote.RemoteWebDriver.findElement(RemoteWebDriver.java:323)
	at org.openqa.selenium.remote.RemoteWebDriver.findElementByName(RemoteWebDriver.java:404)
	at org.openqa.selenium.By$ByName.findElement(By.java:284)
	at org.openqa.selenium.remote.RemoteWebDriver.findElement(RemoteWebDriver.java:315)
	at org.openqa.selenium.support.pagefactory.DefaultElementLocator.findElement(DefaultElementLocator.java:69)
	at org.openqa.selenium.support.pagefactory.internal.LocatingElementHandler.invoke(LocatingElementHandler.java:38)
	at com.sun.proxy.$Proxy10.getTagName(Unknown Source)
	at org.openqa.selenium.support.ui.Select.&lt;init&gt;(Select.java:45)
	at pages.RegisterPage.registerNewUser(RegisterPage.java:70)
	at tests.RegisterationTestCase.RegisterNewUserWithCorrectCredentialWithExcel(RegisterationTestCase.java:91)
... Removed 29 stack frames
</div> <!-- stack-trace -->
                </div> <!-- method-content -->
              </div> <!-- method -->
              <div class="method">
                <div class="method-content">
                  <a name="RegisterNewUserWithCorrectCredentialWithExcel(male, Stacy, Cassin, 27, 3, 2019, dion.bogisich@gmail.com, Thiel, Heathcote and Jerde, im77t5d7rkimr...)">
                  </a> <!-- RegisterNewUserWithCorrectCredentialWithExcel(male, Stacy, Cassin, 27, 3, 2019, dion.bogisich@gmail.com, Thiel, Heathcote and Jerde, im77t5d7rkimr...) -->
                  <span class="method-name">RegisterNewUserWithCorrectCredentialWithExcel</span>
                  <span class="parameters">(male, Stacy, Cassin, 27, 3, 2019, dion.bogisich@gmail.com, Thiel, Heathcote and Jerde, im77t5d7rkimrf)</span>
                  <div class="stack-trace">org.openqa.selenium.NoSuchElementException: no such element: Unable to locate element: {&quot;method&quot;:&quot;name&quot;,&quot;selector&quot;:&quot;DateOfBirthDay&quot;}
  (Session info: chrome=73.0.3683.103)
  (Driver info: chromedriver=2.46.628402 (536cd7adbad73a3783fdc2cab92ab2ba7ec361e1),platform=Windows NT 10.0.17134 x86_64) (WARNING: The server did not provide any stacktrace information)
Command duration or timeout: 0 milliseconds
For documentation on this error, please visit: https://www.seleniumhq.org/exceptions/no_such_element.html
Build info: version: &apos;3.141.59&apos;, revision: &apos;e82be7d358&apos;, time: &apos;2018-11-14T08:17:03&apos;
System info: host: &apos;MORIZK&apos;, ip: &apos;192.168.56.1&apos;, os.name: &apos;Windows 10&apos;, os.arch: &apos;amd64&apos;, os.version: &apos;10.0&apos;, java.version: &apos;1.8.0_202&apos;
Driver info: org.openqa.selenium.chrome.ChromeDriver
Capabilities {acceptInsecureCerts: false, acceptSslCerts: false, applicationCacheEnabled: false, browserConnectionEnabled: false, browserName: chrome, chrome: {chromedriverVersion: 2.46.628402 (536cd7adbad73a..., userDataDir: C:\Users\MORIZK~1\AppData\L...}, cssSelectorsEnabled: true, databaseEnabled: false, goog:chromeOptions: {debuggerAddress: localhost:56277}, handlesAlerts: true, hasTouchScreen: false, javascriptEnabled: true, locationContextEnabled: true, mobileEmulationEnabled: false, nativeEvents: true, networkConnectionEnabled: false, pageLoadStrategy: normal, platform: XP, platformName: XP, proxy: Proxy(), rotatable: false, setWindowRect: true, strictFileInteractability: false, takesHeapSnapshot: true, takesScreenshot: true, timeouts: {implicit: 0, pageLoad: 300000, script: 30000}, unexpectedAlertBehaviour: ignore, unhandledPromptBehavior: ignore, version: 73.0.3683.103, webStorageEnabled: true}
Session ID: c5df7aed18c92810f121406023c72823
*** Element info: {Using=name, value=DateOfBirthDay}
	at org.openqa.selenium.remote.ErrorHandler.createThrowable(ErrorHandler.java:214)
	at org.openqa.selenium.remote.ErrorHandler.throwIfResponseFailed(ErrorHandler.java:166)
	at org.openqa.selenium.remote.http.JsonHttpResponseCodec.reconstructValue(JsonHttpResponseCodec.java:40)
	at org.openqa.selenium.remote.http.AbstractHttpResponseCodec.decode(AbstractHttpResponseCodec.java:80)
	at org.openqa.selenium.remote.http.AbstractHttpResponseCodec.decode(AbstractHttpResponseCodec.java:44)
	at org.openqa.selenium.remote.HttpCommandExecutor.execute(HttpCommandExecutor.java:158)
	at org.openqa.selenium.remote.service.DriverCommandExecutor.execute(DriverCommandExecutor.java:83)
	at org.openqa.selenium.remote.RemoteWebDriver.execute(RemoteWebDriver.java:552)
	at org.openqa.selenium.remote.RemoteWebDriver.findElement(RemoteWebDriver.java:323)
	at org.openqa.selenium.remote.RemoteWebDriver.findElementByName(RemoteWebDriver.java:404)
	at org.openqa.selenium.By$ByName.findElement(By.java:284)
	at org.openqa.selenium.remote.RemoteWebDriver.findElement(RemoteWebDriver.java:315)
	at org.openqa.selenium.support.pagefactory.DefaultElementLocator.findElement(DefaultElementLocator.java:69)
	at org.openqa.selenium.support.pagefactory.internal.LocatingElementHandler.invoke(LocatingElementHandler.java:38)
	at com.sun.proxy.$Proxy10.getTagName(Unknown Source)
	at org.openqa.selenium.support.ui.Select.&lt;init&gt;(Select.java:45)
	at pages.RegisterPage.registerNewUser(RegisterPage.java:70)
	at tests.RegisterationTestCase.RegisterNewUserWithCorrectCredentialWithExcel(RegisterationTestCase.java:91)
... Removed 29 stack frames
</div> <!-- stack-trace -->
                </div> <!-- method-content -->
              </div> <!-- method -->
            </div> <!-- main-panel-content rounded-window-bottom -->
          </div> <!-- suite-nopCommerceSuite-class-failed -->
          <div class="suite-nopCommerceSuite-class-passed">
            <div class="main-panel-header rounded-window-top">
              <img src="passed.png"/>
              <span class="class-name">tests.RegisterationTestCase</span>
            </div> <!-- main-panel-header rounded-window-top -->
            <div class="main-panel-content rounded-window-bottom">
              <div class="method">
                <div class="method-content">
                  <a name="add_data_to_excel">
                  </a> <!-- add_data_to_excel -->
                  <span class="method-name">add_data_to_excel</span>
                </div> <!-- method-content -->
              </div> <!-- method -->
            </div> <!-- main-panel-content rounded-window-bottom -->
          </div> <!-- suite-nopCommerceSuite-class-passed -->
        </div> <!-- panel nopCommerceSuite -->
        <div panel-name="test-xml-nopCommerceSuite" class="panel">
          <div class="main-panel-header rounded-window-top">
            <span class="header-content">G:\Quality\personal_automation_project\nopcommerce\CompleteTestAutomationFrameWork\testng.xml</span>
          </div> <!-- main-panel-header rounded-window-top -->
          <div class="main-panel-content rounded-window-bottom">
            <pre>
&lt;?xml version=&quot;1.0&quot; encoding=&quot;UTF-8&quot;?&gt;
&lt;!DOCTYPE suite SYSTEM &quot;http://testng.org/testng-1.0.dtd&quot;&gt;
&lt;suite guice-stage=&quot;DEVELOPMENT&quot; name=&quot;nopCommerceSuite&quot;&gt;
  &lt;parameter name=&quot;browser&quot; value=&quot;chrome&quot;/&gt;
  &lt;test thread-count=&quot;5&quot; name=&quot;Test&quot;&gt;
    &lt;classes&gt;
      &lt;class name=&quot;tests.RegisterationTestCase&quot;/&gt;
    &lt;/classes&gt;
  &lt;/test&gt; &lt;!-- Test --&gt;
&lt;/suite&gt; &lt;!-- nopCommerceSuite --&gt;
            </pre>
          </div> <!-- main-panel-content rounded-window-bottom -->
        </div> <!-- panel -->
        <div panel-name="testlist-nopCommerceSuite" class="panel">
          <div class="main-panel-header rounded-window-top">
            <span class="header-content">Tests for nopCommerceSuite</span>
          </div> <!-- main-panel-header rounded-window-top -->
          <div class="main-panel-content rounded-window-bottom">
            <ul>
              <li>
                <span class="test-name">Test (1 class)</span>
              </li>
            </ul>
          </div> <!-- main-panel-content rounded-window-bottom -->
        </div> <!-- panel -->
        <div panel-name="group-nopCommerceSuite" class="panel">
          <div class="main-panel-header rounded-window-top">
            <span class="header-content">Groups for nopCommerceSuite</span>
          </div> <!-- main-panel-header rounded-window-top -->
          <div class="main-panel-content rounded-window-bottom">
          </div> <!-- main-panel-content rounded-window-bottom -->
        </div> <!-- panel -->
        <div panel-name="times-nopCommerceSuite" class="panel">
          <div class="main-panel-header rounded-window-top">
            <span class="header-content">Times for nopCommerceSuite</span>
          </div> <!-- main-panel-header rounded-window-top -->
          <div class="main-panel-content rounded-window-bottom">
            <div class="times-div">
              <script type="text/javascript">
suiteTableInitFunctions.push('tableData_nopCommerceSuite');
function tableData_nopCommerceSuite() {
var data = new google.visualization.DataTable();
data.addColumn('number', 'Number');
data.addColumn('string', 'Method');
data.addColumn('string', 'Class');
data.addColumn('number', 'Time (ms)');
data.addRows(8);
data.setCell(0, 0, 0)
data.setCell(0, 1, 'add_data_to_excel')
data.setCell(0, 2, 'tests.RegisterationTestCase')
data.setCell(0, 3, 609);
data.setCell(1, 0, 1)
data.setCell(1, 1, 'RegisterNewUserWithCorrectCredentialWithExcel')
data.setCell(1, 2, 'tests.RegisterationTestCase')
data.setCell(1, 3, 181);
data.setCell(2, 0, 2)
data.setCell(2, 1, 'RegisterNewUserWithCorrectCredentialWithExcel')
data.setCell(2, 2, 'tests.RegisterationTestCase')
data.setCell(2, 3, 69);
data.setCell(3, 0, 3)
data.setCell(3, 1, 'RegisterNewUserWithCorrectCredentialWithExcel')
data.setCell(3, 2, 'tests.RegisterationTestCase')
data.setCell(3, 3, 21);
data.setCell(4, 0, 4)
data.setCell(4, 1, 'RegisterNewUserWithCorrectCredentialWithExcel')
data.setCell(4, 2, 'tests.RegisterationTestCase')
data.setCell(4, 3, 16);
data.setCell(5, 0, 5)
data.setCell(5, 1, 'RegisterNewUserWithCorrectCredentialWithExcel')
data.setCell(5, 2, 'tests.RegisterationTestCase')
data.setCell(5, 3, 14);
data.setCell(6, 0, 6)
data.setCell(6, 1, 'RegisterNewUserWithCorrectCredentialWithExcel')
data.setCell(6, 2, 'tests.RegisterationTestCase')
data.setCell(6, 3, 13);
data.setCell(7, 0, 7)
data.setCell(7, 1, 'RegisterNewUserWithCorrectCredentialWithExcel')
data.setCell(7, 2, 'tests.RegisterationTestCase')
data.setCell(7, 3, 12);
window.suiteTableData['nopCommerceSuite']= { tableData: data, tableDiv: 'times-div-nopCommerceSuite'}
return data;
}
              </script>
              <span class="suite-total-time">Total running time: 935 ms</span>
              <div id="times-div-nopCommerceSuite">
              </div> <!-- times-div-nopCommerceSuite -->
            </div> <!-- times-div -->
          </div> <!-- main-panel-content rounded-window-bottom -->
        </div> <!-- panel -->
        <div panel-name="reporter-nopCommerceSuite" class="panel">
          <div class="main-panel-header rounded-window-top">
            <span class="header-content">Reporter output for nopCommerceSuite</span>
          </div> <!-- main-panel-header rounded-window-top -->
          <div class="main-panel-content rounded-window-bottom">
          </div> <!-- main-panel-content rounded-window-bottom -->
        </div> <!-- panel -->
        <div panel-name="ignored-methods-nopCommerceSuite" class="panel">
          <div class="main-panel-header rounded-window-top">
            <span class="header-content">2 ignored methods</span>
          </div> <!-- main-panel-header rounded-window-top -->
          <div class="main-panel-content rounded-window-bottom">
            <div class="ignored-class-div">
              <span class="ignored-class-name">tests.RegisterationTestCase</span>
              <div class="ignored-methods-div">
                <span class="ignored-method-name">open_registeration_page</span>
                <br/>
                <span class="ignored-method-name">RegisterNewUserWithCorrectcredential</span>
                <br/>
              </div> <!-- ignored-methods-div -->
            </div> <!-- ignored-class-div -->
          </div> <!-- main-panel-content rounded-window-bottom -->
        </div> <!-- panel -->
        <div panel-name="chronological-nopCommerceSuite" class="panel">
          <div class="main-panel-header rounded-window-top">
            <span class="header-content">Methods in chronological order</span>
          </div> <!-- main-panel-header rounded-window-top -->
          <div class="main-panel-content rounded-window-bottom">
            <div class="chronological-class">
              <div class="chronological-class-name">tests.RegisterationTestCase</div> <!-- chronological-class-name -->
              <div class="configuration-suite before">
                <span class="method-name">startDriver</span>
                <span class="method-start">0 ms</span>
              </div> <!-- configuration-suite before -->
              <div class="test-method">
                <span class="method-name">add_data_to_excel</span>
                <span class="method-start">175803 ms</span>
              </div> <!-- test-method -->
              <div class="test-method">
                <img src="failed.png">
                </img>
                <span class="method-name">RegisterNewUserWithCorrectCredentialWithExcel(gender, first_name, Last_name, theDay, TheMonth, theYear, email, company, testPassword)</span>
                <span class="method-start">176448 ms</span>
              </div> <!-- test-method -->
              <div class="test-method">
                <img src="failed.png">
                </img>
                <span class="method-name">RegisterNewUserWithCorrectCredentialWithExcel(male, Vernon, Rolfson, 24, 3, 2019, yasmine.goodwin@hotmail.com, Mayert, Cassin and Turcotte, jq7bup...)</span>
                <span class="method-start">176519 ms</span>
              </div> <!-- test-method -->
              <div class="test-method">
                <img src="failed.png">
                </img>
                <span class="method-name">RegisterNewUserWithCorrectCredentialWithExcel(male, Robert, Brown, 30, 3, 2019, katelynn.bergnaum@gmail.com, Becker LLC, 0e0b9lreyms3)</span>
                <span class="method-start">176715 ms</span>
              </div> <!-- test-method -->
              <div class="test-method">
                <img src="failed.png">
                </img>
                <span class="method-name">RegisterNewUserWithCorrectCredentialWithExcel(male, Cortez, Olson, 30, 3, 2019, casey.thompson@hotmail.com, Moore Group, 7h62yjamdjf)</span>
                <span class="method-start">176738 ms</span>
              </div> <!-- test-method -->
              <div class="test-method">
                <img src="failed.png">
                </img>
                <span class="method-name">RegisterNewUserWithCorrectCredentialWithExcel(male, Cecil, O'Kon, 29, 3, 2019, shawnna.strosin@gmail.com, Ruecker Group, ue592kiios88uf)</span>
                <span class="method-start">176754 ms</span>
              </div> <!-- test-method -->
              <div class="test-method">
                <img src="failed.png">
                </img>
                <span class="method-name">RegisterNewUserWithCorrectCredentialWithExcel(male, Stacy, Cassin, 27, 3, 2019, dion.bogisich@gmail.com, Thiel, Heathcote and Jerde, im77t5d7rkimr...)</span>
                <span class="method-start">176767 ms</span>
              </div> <!-- test-method -->
              <div class="test-method">
                <img src="failed.png">
                </img>
                <span class="method-name">RegisterNewUserWithCorrectCredentialWithExcel(male, Lacy, Krajcik, 25, 3, 2019, newton.yost@hotmail.com, Collins, Swaniawski and Dach, bxy90qp7q3f...)</span>
                <span class="method-start">176785 ms</span>
              </div> <!-- test-method -->
              <div class="configuration-suite after">
                <span class="method-name">killDriver</span>
                <span class="method-start">176855 ms</span>
              </div> <!-- configuration-suite after -->
          </div> <!-- main-panel-content rounded-window-bottom -->
        </div> <!-- panel -->
      </div> <!-- main-panel-root -->
    </div> <!-- wrapper -->
  </body>
</html>
